<?xml version="1.0" encoding="UTF-8"?>
<!-- Generated by org.testng.reporters.JUnitXMLReporter -->
<testsuite hostname="ATMECSINDT-049" name="EP" tests="4" failures="0" timestamp="11 Sep 2014 10:40:47 GMT" time="2.073" errors="0">
  <testcase name="test" time="1.79" classname="com.atmecs.restful.executor.Controller"/>
  <testcase name="test" time="1.947" classname="com.atmecs.restful.executor.Controller"/>
  <testcase name="test" time="1.962" classname="com.atmecs.restful.executor.Controller"/>
  <testcase name="test" time="2.063" classname="com.atmecs.restful.executor.Controller"/>
</testsuite> <!-- EP -->
