<?xml version="1.0" encoding="UTF-8"?>
<testng-results skipped="0" failed="0" total="2" passed="2">
  <reporter-output>
  </reporter-output>
  <suite name="Test" duration-ms="2149" started-at="2014-09-05T12:15:15Z" finished-at="2014-09-05T12:15:17Z">
    <groups>
    </groups>
    <test name="EP" duration-ms="2149" started-at="2014-09-05T12:15:15Z" finished-at="2014-09-05T12:15:17Z">
      <class name="com.atmecs.restful.executor.Controller">
        <test-method status="PASS" signature="test()[pri:0, instance:com.atmecs.restful.executor.Controller@69dd9da1]" name="test" duration-ms="2137" started-at="2014-09-05T12:15:15Z" finished-at="2014-09-05T12:15:17Z">
          <reporter-output>
          </reporter-output>
        </test-method> <!-- test -->
        <test-method status="PASS" signature="test()[pri:0, instance:com.atmecs.restful.executor.Controller@2b3227f6]" name="test" duration-ms="2023" started-at="2014-09-05T12:15:15Z" finished-at="2014-09-05T12:15:17Z">
          <reporter-output>
          </reporter-output>
        </test-method> <!-- test -->
      </class> <!-- com.atmecs.restful.executor.Controller -->
    </test> <!-- EP -->
  </suite> <!-- Test -->
</testng-results>
